<?xml version="1.0" encoding="UTF-8"?>
<coverage generated="1695991454872" clover="3.2.0">
  <project timestamp="1695991454872" name="All files">
    <metrics statements="18" coveredstatements="18" conditionals="19" coveredconditionals="14" methods="15" coveredmethods="10" elements="52" coveredelements="42" complexity="0" loc="18" ncloc="18" packages="5" files="15" classes="15"/>
    <package name="src">
      <metrics statements="1" coveredstatements="1" conditionals="0" coveredconditionals="0" methods="1" coveredmethods="1"/>
      <file name="App.vue" path="D:\VARUN\Projects\Apps\WEB APPS\VUE JS\todo-application\src\App.vue">
        <metrics statements="1" coveredstatements="1" conditionals="0" coveredconditionals="0" methods="1" coveredmethods="1"/>
        <line num="1" count="6" type="stmt"/>
      </file>
    </package>
    <package name="src.components">
      <metrics statements="7" coveredstatements="7" conditionals="4" coveredconditionals="2" methods="4" coveredmethods="3"/>
      <file name="AppModal.vue" path="D:\VARUN\Projects\Apps\WEB APPS\VUE JS\todo-application\src\components\AppModal.vue">
        <metrics statements="1" coveredstatements="1" conditionals="2" coveredconditionals="0" methods="1" coveredmethods="0"/>
        <line num="1" count="6" type="cond" truecount="0" falsecount="2"/>
      </file>
      <file name="AppPrimaryButton.vue" path="D:\VARUN\Projects\Apps\WEB APPS\VUE JS\todo-application\src\components\AppPrimaryButton.vue">
        <metrics statements="2" coveredstatements="2" conditionals="0" coveredconditionals="0" methods="1" coveredmethods="1"/>
        <line num="1" count="93" type="stmt"/>
        <line num="11" count="2" type="stmt"/>
      </file>
      <file name="AppSecondaryButton.vue" path="D:\VARUN\Projects\Apps\WEB APPS\VUE JS\todo-application\src\components\AppSecondaryButton.vue">
        <metrics statements="2" coveredstatements="2" conditionals="0" coveredconditionals="0" methods="1" coveredmethods="1"/>
        <line num="1" count="84" type="stmt"/>
        <line num="10" count="2" type="stmt"/>
      </file>
      <file name="ErrorWrapper.vue" path="D:\VARUN\Projects\Apps\WEB APPS\VUE JS\todo-application\src\components\ErrorWrapper.vue">
        <metrics statements="2" coveredstatements="2" conditionals="2" coveredconditionals="2" methods="1" coveredmethods="1"/>
        <line num="1" count="180" type="cond" truecount="2" falsecount="0"/>
        <line num="7" count="2" type="stmt"/>
      </file>
    </package>
    <package name="src.components.AppMenu">
      <metrics statements="3" coveredstatements="3" conditionals="2" coveredconditionals="2" methods="3" coveredmethods="1"/>
      <file name="AppMenuListItem.vue" path="D:\VARUN\Projects\Apps\WEB APPS\VUE JS\todo-application\src\components\AppMenu\AppMenuListItem.vue">
        <metrics statements="1" coveredstatements="1" conditionals="0" coveredconditionals="0" methods="1" coveredmethods="0"/>
        <line num="1" count="3" type="stmt"/>
      </file>
      <file name="AppMenuTaskItem.vue" path="D:\VARUN\Projects\Apps\WEB APPS\VUE JS\todo-application\src\components\AppMenu\AppMenuTaskItem.vue">
        <metrics statements="1" coveredstatements="1" conditionals="0" coveredconditionals="0" methods="1" coveredmethods="0"/>
        <line num="1" count="3" type="stmt"/>
      </file>
      <file name="index.vue" path="D:\VARUN\Projects\Apps\WEB APPS\VUE JS\todo-application\src\components\AppMenu\index.vue">
        <metrics statements="1" coveredstatements="1" conditionals="2" coveredconditionals="2" methods="1" coveredmethods="1"/>
        <line num="1" count="25" type="cond" truecount="2" falsecount="0"/>
      </file>
    </package>
    <package name="src.views.ToDo">
      <metrics statements="1" coveredstatements="1" conditionals="2" coveredconditionals="2" methods="1" coveredmethods="1"/>
      <file name="ToDo.vue" path="D:\VARUN\Projects\Apps\WEB APPS\VUE JS\todo-application\src\views\ToDo\ToDo.vue">
        <metrics statements="1" coveredstatements="1" conditionals="2" coveredconditionals="2" methods="1" coveredmethods="1"/>
        <line num="1" count="18" type="cond" truecount="2" falsecount="0"/>
      </file>
    </package>
    <package name="src.views.ToDo.components">
      <metrics statements="6" coveredstatements="6" conditionals="11" coveredconditionals="8" methods="6" coveredmethods="4"/>
      <file name="ToDoCUDItemForm.vue" path="D:\VARUN\Projects\Apps\WEB APPS\VUE JS\todo-application\src\views\ToDo\components\ToDoCUDItemForm.vue">
        <metrics statements="1" coveredstatements="1" conditionals="3" coveredconditionals="2" methods="1" coveredmethods="1"/>
        <line num="1" count="209" type="cond" truecount="2" falsecount="1"/>
      </file>
      <file name="ToDoCUDItemPopUpForm.vue" path="D:\VARUN\Projects\Apps\WEB APPS\VUE JS\todo-application\src\views\ToDo\components\ToDoCUDItemPopUpForm.vue">
        <metrics statements="1" coveredstatements="1" conditionals="0" coveredconditionals="0" methods="1" coveredmethods="0"/>
        <line num="1" count="3" type="stmt"/>
      </file>
      <file name="ToDoDeleteConfirmation.vue" path="D:\VARUN\Projects\Apps\WEB APPS\VUE JS\todo-application\src\views\ToDo\components\ToDoDeleteConfirmation.vue">
        <metrics statements="1" coveredstatements="1" conditionals="2" coveredconditionals="2" methods="1" coveredmethods="1"/>
        <line num="1" count="93" type="cond" truecount="2" falsecount="0"/>
      </file>
      <file name="ToDoDeleteConfirmationData.vue" path="D:\VARUN\Projects\Apps\WEB APPS\VUE JS\todo-application\src\views\ToDo\components\ToDoDeleteConfirmationData.vue">
        <metrics statements="1" coveredstatements="1" conditionals="2" coveredconditionals="0" methods="1" coveredmethods="0"/>
        <line num="1" count="6" type="cond" truecount="0" falsecount="2"/>
      </file>
      <file name="ToDoList.vue" path="D:\VARUN\Projects\Apps\WEB APPS\VUE JS\todo-application\src\views\ToDo\components\ToDoList.vue">
        <metrics statements="1" coveredstatements="1" conditionals="2" coveredconditionals="2" methods="1" coveredmethods="1"/>
        <line num="1" count="29" type="cond" truecount="2" falsecount="0"/>
      </file>
      <file name="ToDoListItem.vue" path="D:\VARUN\Projects\Apps\WEB APPS\VUE JS\todo-application\src\views\ToDo\components\ToDoListItem.vue">
        <metrics statements="1" coveredstatements="1" conditionals="2" coveredconditionals="2" methods="1" coveredmethods="1"/>
        <line num="1" count="47" type="cond" truecount="2" falsecount="0"/>
      </file>
    </package>
  </project>
</coverage>
