{"D:\\VARUN\\Projects\\Apps\\WEB APPS\\VUE JS\\todo-application\\src\\App.vue": {"path":"D:\\VARUN\\Projects\\Apps\\WEB APPS\\VUE JS\\todo-application\\src\\App.vue","statementMap":{"0":{"start":{"line":1,"column":0},"end":{"line":1,"column":null}}},"fnMap":{"0":{"name":"(anonymous_0)","decl":{"start":{"line":1,"column":0},"end":{"line":1,"column":null}},"loc":{"start":{"line":1,"column":0},"end":{"line":1,"column":null}}}},"branchMap":{},"s":{"0":6},"f":{"0":1},"b":{}}
,"D:\\VARUN\\Projects\\Apps\\WEB APPS\\VUE JS\\todo-application\\src\\components\\AppModal.vue": {"path":"D:\\VARUN\\Projects\\Apps\\WEB APPS\\VUE JS\\todo-application\\src\\components\\AppModal.vue","statementMap":{"0":{"start":{"line":1,"column":0},"end":{"line":1,"column":null}}},"fnMap":{"0":{"name":"(anonymous_0)","decl":{"start":{"line":1,"column":0},"end":{"line":1,"column":null}},"loc":{"start":{"line":1,"column":0},"end":{"line":1,"column":null}}}},"branchMap":{"0":{"loc":{"start":{"line":1,"column":0},"end":{"line":1,"column":null}},"type":"cond-expr","locations":[{"start":{"line":1,"column":0},"end":{"line":1,"column":null}},{"start":{"line":1,"column":0},"end":{"line":1,"column":null}}]}},"s":{"0":6},"f":{"0":0},"b":{"0":[0,0]}}
,"D:\\VARUN\\Projects\\Apps\\WEB APPS\\VUE JS\\todo-application\\src\\components\\AppPrimaryButton.vue": {"path":"D:\\VARUN\\Projects\\Apps\\WEB APPS\\VUE JS\\todo-application\\src\\components\\AppPrimaryButton.vue","statementMap":{"0":{"start":{"line":11,"column":0},"end":{"line":29,"column":null}},"1":{"start":{"line":1,"column":0},"end":{"line":1,"column":null}}},"fnMap":{"0":{"name":"(anonymous_1)","decl":{"start":{"line":1,"column":0},"end":{"line":1,"column":null}},"loc":{"start":{"line":1,"column":0},"end":{"line":1,"column":null}}}},"branchMap":{},"s":{"0":2,"1":93},"f":{"0":29},"b":{}}
,"D:\\VARUN\\Projects\\Apps\\WEB APPS\\VUE JS\\todo-application\\src\\components\\AppSecondaryButton.vue": {"path":"D:\\VARUN\\Projects\\Apps\\WEB APPS\\VUE JS\\todo-application\\src\\components\\AppSecondaryButton.vue","statementMap":{"0":{"start":{"line":10,"column":0},"end":{"line":24,"column":null}},"1":{"start":{"line":1,"column":0},"end":{"line":1,"column":null}}},"fnMap":{"0":{"name":"(anonymous_1)","decl":{"start":{"line":1,"column":0},"end":{"line":1,"column":null}},"loc":{"start":{"line":1,"column":0},"end":{"line":1,"column":null}}}},"branchMap":{},"s":{"0":2,"1":84},"f":{"0":26},"b":{}}
,"D:\\VARUN\\Projects\\Apps\\WEB APPS\\VUE JS\\todo-application\\src\\components\\ErrorWrapper.vue": {"path":"D:\\VARUN\\Projects\\Apps\\WEB APPS\\VUE JS\\todo-application\\src\\components\\ErrorWrapper.vue","statementMap":{"0":{"start":{"line":7,"column":0},"end":{"line":17,"column":null}},"1":{"start":{"line":1,"column":0},"end":{"line":1,"column":null}}},"fnMap":{"0":{"name":"(anonymous_0)","decl":{"start":{"line":1,"column":0},"end":{"line":1,"column":null}},"loc":{"start":{"line":1,"column":0},"end":{"line":1,"column":null}}}},"branchMap":{"0":{"loc":{"start":{"line":1,"column":0},"end":{"line":1,"column":null}},"type":"cond-expr","locations":[{"start":{"line":1,"column":0},"end":{"line":1,"column":null}},{"start":{"line":1,"column":0},"end":{"line":1,"column":null}}]}},"s":{"0":2,"1":180},"f":{"0":58},"b":{"0":[5,53]}}
,"D:\\VARUN\\Projects\\Apps\\WEB APPS\\VUE JS\\todo-application\\src\\components\\AppMenu\\AppMenuListItem.vue": {"path":"D:\\VARUN\\Projects\\Apps\\WEB APPS\\VUE JS\\todo-application\\src\\components\\AppMenu\\AppMenuListItem.vue","statementMap":{"0":{"start":{"line":1,"column":0},"end":{"line":1,"column":null}}},"fnMap":{"0":{"name":"(anonymous_0)","decl":{"start":{"line":1,"column":0},"end":{"line":1,"column":null}},"loc":{"start":{"line":1,"column":0},"end":{"line":1,"column":null}}}},"branchMap":{},"s":{"0":3},"f":{"0":0},"b":{}}
,"D:\\VARUN\\Projects\\Apps\\WEB APPS\\VUE JS\\todo-application\\src\\components\\AppMenu\\AppMenuTaskItem.vue": {"path":"D:\\VARUN\\Projects\\Apps\\WEB APPS\\VUE JS\\todo-application\\src\\components\\AppMenu\\AppMenuTaskItem.vue","statementMap":{"0":{"start":{"line":1,"column":0},"end":{"line":1,"column":null}}},"fnMap":{"0":{"name":"(anonymous_0)","decl":{"start":{"line":1,"column":0},"end":{"line":1,"column":null}},"loc":{"start":{"line":1,"column":0},"end":{"line":1,"column":null}}}},"branchMap":{},"s":{"0":3},"f":{"0":0},"b":{}}
,"D:\\VARUN\\Projects\\Apps\\WEB APPS\\VUE JS\\todo-application\\src\\components\\AppMenu\\index.vue": {"path":"D:\\VARUN\\Projects\\Apps\\WEB APPS\\VUE JS\\todo-application\\src\\components\\AppMenu\\index.vue","statementMap":{"0":{"start":{"line":1,"column":0},"end":{"line":1,"column":null}}},"fnMap":{"0":{"name":"(anonymous_0)","decl":{"start":{"line":1,"column":0},"end":{"line":1,"column":null}},"loc":{"start":{"line":1,"column":0},"end":{"line":1,"column":null}}}},"branchMap":{"0":{"loc":{"start":{"line":1,"column":0},"end":{"line":1,"column":null}},"type":"cond-expr","locations":[{"start":{"line":1,"column":0},"end":{"line":1,"column":null}},{"start":{"line":1,"column":0},"end":{"line":1,"column":null}}]}},"s":{"0":25},"f":{"0":18},"b":{"0":[5,2]}}
,"D:\\VARUN\\Projects\\Apps\\WEB APPS\\VUE JS\\todo-application\\src\\views\\ToDo\\ToDo.vue": {"path":"D:\\VARUN\\Projects\\Apps\\WEB APPS\\VUE JS\\todo-application\\src\\views\\ToDo\\ToDo.vue","statementMap":{"0":{"start":{"line":1,"column":0},"end":{"line":1,"column":null}}},"fnMap":{"0":{"name":"(anonymous_0)","decl":{"start":{"line":1,"column":0},"end":{"line":1,"column":null}},"loc":{"start":{"line":1,"column":0},"end":{"line":1,"column":null}}}},"branchMap":{"0":{"loc":{"start":{"line":1,"column":0},"end":{"line":1,"column":null}},"type":"cond-expr","locations":[{"start":{"line":1,"column":0},"end":{"line":1,"column":null}},{"start":{"line":1,"column":0},"end":{"line":1,"column":null}}]}},"s":{"0":18},"f":{"0":5},"b":{"0":[6,14]}}
,"D:\\VARUN\\Projects\\Apps\\WEB APPS\\VUE JS\\todo-application\\src\\views\\ToDo\\components\\ToDoCUDItemForm.vue": {"path":"D:\\VARUN\\Projects\\Apps\\WEB APPS\\VUE JS\\todo-application\\src\\views\\ToDo\\components\\ToDoCUDItemForm.vue","statementMap":{"0":{"start":{"line":1,"column":0},"end":{"line":1,"column":null}}},"fnMap":{"0":{"name":"(anonymous_0)","decl":{"start":{"line":1,"column":0},"end":{"line":1,"column":null}},"loc":{"start":{"line":1,"column":0},"end":{"line":1,"column":null}}}},"branchMap":{"0":{"loc":{"start":{"line":1,"column":0},"end":{"line":1,"column":null}},"type":"cond-expr","locations":[{"start":{"line":1,"column":0},"end":{"line":1,"column":null}},{"start":{"line":1,"column":0},"end":{"line":1,"column":null}}]},"1":{"loc":{"start":{"line":1,"column":0},"end":{"line":1,"column":null}},"type":"if","locations":[{"start":{"line":1,"column":0},"end":{"line":1,"column":null}}]}},"s":{"0":209},"f":{"0":135},"b":{"0":[17,43],"1":[0]}}
,"D:\\VARUN\\Projects\\Apps\\WEB APPS\\VUE JS\\todo-application\\src\\views\\ToDo\\components\\ToDoCUDItemPopUpForm.vue": {"path":"D:\\VARUN\\Projects\\Apps\\WEB APPS\\VUE JS\\todo-application\\src\\views\\ToDo\\components\\ToDoCUDItemPopUpForm.vue","statementMap":{"0":{"start":{"line":1,"column":0},"end":{"line":1,"column":null}}},"fnMap":{"0":{"name":"(anonymous_0)","decl":{"start":{"line":1,"column":0},"end":{"line":1,"column":null}},"loc":{"start":{"line":1,"column":0},"end":{"line":1,"column":null}}}},"branchMap":{},"s":{"0":3},"f":{"0":0},"b":{}}
,"D:\\VARUN\\Projects\\Apps\\WEB APPS\\VUE JS\\todo-application\\src\\views\\ToDo\\components\\ToDoDeleteConfirmation.vue": {"path":"D:\\VARUN\\Projects\\Apps\\WEB APPS\\VUE JS\\todo-application\\src\\views\\ToDo\\components\\ToDoDeleteConfirmation.vue","statementMap":{"0":{"start":{"line":1,"column":0},"end":{"line":1,"column":null}}},"fnMap":{"0":{"name":"(anonymous_0)","decl":{"start":{"line":1,"column":0},"end":{"line":1,"column":null}},"loc":{"start":{"line":1,"column":0},"end":{"line":1,"column":null}}}},"branchMap":{"0":{"loc":{"start":{"line":1,"column":0},"end":{"line":1,"column":null}},"type":"cond-expr","locations":[{"start":{"line":1,"column":0},"end":{"line":1,"column":null}},{"start":{"line":1,"column":0},"end":{"line":1,"column":null}}]}},"s":{"0":93},"f":{"0":29},"b":{"0":[58,29]}}
,"D:\\VARUN\\Projects\\Apps\\WEB APPS\\VUE JS\\todo-application\\src\\views\\ToDo\\components\\ToDoDeleteConfirmationData.vue": {"path":"D:\\VARUN\\Projects\\Apps\\WEB APPS\\VUE JS\\todo-application\\src\\views\\ToDo\\components\\ToDoDeleteConfirmationData.vue","statementMap":{"0":{"start":{"line":1,"column":0},"end":{"line":1,"column":null}}},"fnMap":{"0":{"name":"(anonymous_0)","decl":{"start":{"line":1,"column":0},"end":{"line":1,"column":null}},"loc":{"start":{"line":1,"column":0},"end":{"line":1,"column":null}}}},"branchMap":{"0":{"loc":{"start":{"line":1,"column":0},"end":{"line":1,"column":null}},"type":"cond-expr","locations":[{"start":{"line":1,"column":0},"end":{"line":1,"column":null}},{"start":{"line":1,"column":0},"end":{"line":1,"column":null}}]}},"s":{"0":6},"f":{"0":0},"b":{"0":[0,0]}}
,"D:\\VARUN\\Projects\\Apps\\WEB APPS\\VUE JS\\todo-application\\src\\views\\ToDo\\components\\ToDoList.vue": {"path":"D:\\VARUN\\Projects\\Apps\\WEB APPS\\VUE JS\\todo-application\\src\\views\\ToDo\\components\\ToDoList.vue","statementMap":{"0":{"start":{"line":1,"column":0},"end":{"line":1,"column":null}}},"fnMap":{"0":{"name":"(anonymous_0)","decl":{"start":{"line":1,"column":0},"end":{"line":1,"column":null}},"loc":{"start":{"line":1,"column":0},"end":{"line":1,"column":null}}}},"branchMap":{"0":{"loc":{"start":{"line":1,"column":0},"end":{"line":1,"column":null}},"type":"cond-expr","locations":[{"start":{"line":1,"column":0},"end":{"line":1,"column":null}},{"start":{"line":1,"column":0},"end":{"line":1,"column":null}}]}},"s":{"0":29},"f":{"0":11},"b":{"0":[6,10]}}
,"D:\\VARUN\\Projects\\Apps\\WEB APPS\\VUE JS\\todo-application\\src\\views\\ToDo\\components\\ToDoListItem.vue": {"path":"D:\\VARUN\\Projects\\Apps\\WEB APPS\\VUE JS\\todo-application\\src\\views\\ToDo\\components\\ToDoListItem.vue","statementMap":{"0":{"start":{"line":1,"column":0},"end":{"line":1,"column":null}}},"fnMap":{"0":{"name":"(anonymous_0)","decl":{"start":{"line":1,"column":0},"end":{"line":1,"column":null}},"loc":{"start":{"line":1,"column":0},"end":{"line":1,"column":null}}}},"branchMap":{"0":{"loc":{"start":{"line":1,"column":0},"end":{"line":1,"column":null}},"type":"cond-expr","locations":[{"start":{"line":1,"column":0},"end":{"line":1,"column":null}},{"start":{"line":1,"column":0},"end":{"line":1,"column":null}}]}},"s":{"0":47},"f":{"0":14},"b":{"0":[17,25]}}
}
