TN:
SF:src\App.vue
FN:1,(anonymous_0)
FNF:1
FNH:1
FNDA:1,(anonymous_0)
DA:1,6
LF:1
LH:1
BRF:0
BRH:0
end_of_record
TN:
SF:src\components\AppModal.vue
FN:1,(anonymous_0)
FNF:1
FNH:0
FNDA:0,(anonymous_0)
DA:1,6
LF:1
LH:1
BRDA:1,0,0,0
BRDA:1,0,1,0
BRF:2
BRH:0
end_of_record
TN:
SF:src\components\AppPrimaryButton.vue
FN:1,(anonymous_1)
FNF:1
FNH:1
FNDA:29,(anonymous_1)
DA:1,93
DA:11,2
LF:2
LH:2
BRF:0
BRH:0
end_of_record
TN:
SF:src\components\AppSecondaryButton.vue
FN:1,(anonymous_1)
FNF:1
FNH:1
FNDA:26,(anonymous_1)
DA:1,84
DA:10,2
LF:2
LH:2
BRF:0
BRH:0
end_of_record
TN:
SF:src\components\ErrorWrapper.vue
FN:1,(anonymous_0)
FNF:1
FNH:1
FNDA:58,(anonymous_0)
DA:1,180
DA:7,2
LF:2
LH:2
BRDA:1,0,0,5
BRDA:1,0,1,53
BRF:2
BRH:2
end_of_record
TN:
SF:src\components\AppMenu\AppMenuListItem.vue
FN:1,(anonymous_0)
FNF:1
FNH:0
FNDA:0,(anonymous_0)
DA:1,3
LF:1
LH:1
BRF:0
BRH:0
end_of_record
TN:
SF:src\components\AppMenu\AppMenuTaskItem.vue
FN:1,(anonymous_0)
FNF:1
FNH:0
FNDA:0,(anonymous_0)
DA:1,3
LF:1
LH:1
BRF:0
BRH:0
end_of_record
TN:
SF:src\components\AppMenu\index.vue
FN:1,(anonymous_0)
FNF:1
FNH:1
FNDA:18,(anonymous_0)
DA:1,25
LF:1
LH:1
BRDA:1,0,0,5
BRDA:1,0,1,2
BRF:2
BRH:2
end_of_record
TN:
SF:src\views\ToDo\ToDo.vue
FN:1,(anonymous_0)
FNF:1
FNH:1
FNDA:5,(anonymous_0)
DA:1,18
LF:1
LH:1
BRDA:1,0,0,6
BRDA:1,0,1,14
BRF:2
BRH:2
end_of_record
TN:
SF:src\views\ToDo\components\ToDoCUDItemForm.vue
FN:1,(anonymous_0)
FNF:1
FNH:1
FNDA:135,(anonymous_0)
DA:1,209
LF:1
LH:1
BRDA:1,0,0,17
BRDA:1,0,1,43
BRDA:1,1,0,0
BRF:3
BRH:2
end_of_record
TN:
SF:src\views\ToDo\components\ToDoCUDItemPopUpForm.vue
FN:1,(anonymous_0)
FNF:1
FNH:0
FNDA:0,(anonymous_0)
DA:1,3
LF:1
LH:1
BRF:0
BRH:0
end_of_record
TN:
SF:src\views\ToDo\components\ToDoDeleteConfirmation.vue
FN:1,(anonymous_0)
FNF:1
FNH:1
FNDA:29,(anonymous_0)
DA:1,93
LF:1
LH:1
BRDA:1,0,0,58
BRDA:1,0,1,29
BRF:2
BRH:2
end_of_record
TN:
SF:src\views\ToDo\components\ToDoDeleteConfirmationData.vue
FN:1,(anonymous_0)
FNF:1
FNH:0
FNDA:0,(anonymous_0)
DA:1,6
LF:1
LH:1
BRDA:1,0,0,0
BRDA:1,0,1,0
BRF:2
BRH:0
end_of_record
TN:
SF:src\views\ToDo\components\ToDoList.vue
FN:1,(anonymous_0)
FNF:1
FNH:1
FNDA:11,(anonymous_0)
DA:1,29
LF:1
LH:1
BRDA:1,0,0,6
BRDA:1,0,1,10
BRF:2
BRH:2
end_of_record
TN:
SF:src\views\ToDo\components\ToDoListItem.vue
FN:1,(anonymous_0)
FNF:1
FNH:1
FNDA:14,(anonymous_0)
DA:1,47
LF:1
LH:1
BRDA:1,0,0,17
BRDA:1,0,1,25
BRF:2
BRH:2
end_of_record
